<?xml version="1.0" encoding="UTF-8"?>
<testng-results ignored="0" total="1" passed="1" failed="0" skipped="0">
  <reporter-output>
  </reporter-output>
  <suite started-at="2023-04-26T23:24:10 GMT-04:00" name="Default suite" finished-at="2023-04-26T23:24:10 GMT-04:00" duration-ms="64">
    <groups>
    </groups>
    <test started-at="2023-04-26T23:24:10 GMT-04:00" name="Default test" finished-at="2023-04-26T23:24:10 GMT-04:00" duration-ms="64">
      <class name="Demo2Test">
        <test-method signature="Testcase2()[pri:0, instance:Demo2Test@6193932a]" started-at="2023-04-26T23:24:10 GMT-04:00" name="Testcase2" finished-at="2023-04-26T23:24:10 GMT-04:00" duration-ms="11" status="PASS">
          <reporter-output>
          </reporter-output>
        </test-method> <!-- Testcase2 -->
      </class> <!-- Demo2Test -->
    </test> <!-- Default test -->
  </suite> <!-- Default suite -->
</testng-results>
