<?xml version="1.0" encoding="UTF-8"?>
<testng-results ignored="0" total="1" passed="1" failed="0" skipped="0">
  <reporter-output>
  </reporter-output>
  <suite started-at="2023-04-27T23:01:42 GMT-04:00" name="Default suite" finished-at="2023-04-27T23:01:42 GMT-04:00" duration-ms="90">
    <groups>
    </groups>
    <test started-at="2023-04-27T23:01:42 GMT-04:00" name="Default test" finished-at="2023-04-27T23:01:42 GMT-04:00" duration-ms="90">
      <class name="Demo2">
        <test-method signature="Demo2Test()[pri:0, instance:Demo2@6193932a]" started-at="2023-04-27T23:01:42 GMT-04:00" name="Demo2Test" finished-at="2023-04-27T23:01:42 GMT-04:00" duration-ms="22" status="PASS">
          <reporter-output>
          </reporter-output>
        </test-method> <!-- Demo2Test -->
      </class> <!-- Demo2 -->
    </test> <!-- Default test -->
  </suite> <!-- Default suite -->
</testng-results>
